transmit                                                                                                                PAGE 1
                         1     ;30h - lower order start addr
                         2     ;31h - higher order start addr
                         3     ;32h - lower order end addr
                         4     ;33h - higher order end addr
                         5     ;34h - baud rate (must do FF-@34h)
                         6     ;35h - lower order result
                         7     ;36h - higher order result
                         8     ;37h - R3 + 5
                         9     ;R1 - checksum
                        10     ;R2 - ihex line counter (byte number for that ihex line)
                        11     ;R3 - line length
                        12     ;R4 - no of ihex lines with data length = 255
                        13     ;R5 - length of last possibly non-255 length line
                        14
                        15     org 0h
0000 020026             16     ljmp main
                        17     org 23h
0023 020071             18     ljmp serial
0026 753310             19     main:           mov 33h, #10h
0029 753230             20                     mov 32h, #30h
002C 753110             21                     mov 31h, #10h
002F 753020             22                     mov 30h, #20h
                        23                     ;acall length_calc
                        24                     ;lcall baud_calc
0032 C3                 25                     clr c
0033 E532               26                     mov A, 32h
0035 9530               27                     subb A, 30h
0037 F535               28                     mov 35h, A
0039 E533               29                     mov A, 33h
003B 9531               30                     subb A, 31h
003D F536               31                     mov 36h, A
003F 7900               32                     mov R1, #00h ;checksum
0041 7A00               33                     mov R2, #00h ;line counter
0043 7B00               34                     mov R3, #00h ;line length (256 or 35h)
0045 AC36               35                     mov R4, 36h ;no of ihex lines with data length = 255
0047 AD35               36                     mov R5, 35h ;length of last possibly non-255 length line
0049 ED                 37                     mov A, R5
004A C3                 38                     clr c
004B C22E               39                     clr 2eh ; This bit is used to check if all lines have been transmitted. If so, send E
004D 2C                 40                     add A, R4
004E FD                 41                     mov R5, A
004F 7400               42                     mov A, #00h
0051 3C                 43                     addc A, R4
0052 FC                 44                     mov R4, A
0053 853183             45                     mov dph, 31h ;setting dptr to start addr
0056 853082             46                     mov dpl, 30h
0059 758920             47                     mov tmod, #20h ;timer 1, mode 2
005C 7534FD             48                     mov 34h, #0fdh
005F 85348D             49                     mov th1, 34h ;input baud rate
0062 85348B             50                     mov tl1, 34h
0065 759840             51                     mov scon, #40h ;8-bit UART with REN = 0
0068 75A890             52                     mov ie, #90h ;enable serial interrupt
006B D28E               53                     setb tr1
006D D299               54                     setb ti
                        55                     back:
006F 80FE               56                     sjmp back
                        57
0071 C299               58     serial:         clr ti
0073 BA0005             59                     cond1:  cjne R2, #00h, cond2
0076 75993A             60                             mov sbuf, #3ah
0079 8060               61                             sjmp exit
007B BA010F             62                     cond2: cjne R2, #01h, cond3
007E BC0002             63                                     cjne R4, #00h, sub_cond2
                        64                                             ;if R4==0
0081 ED                 65                                             mov A, R5
0082 FB                 66                                             mov R3, A
                        67                                             ;if R4!=0
0083 7BFF               68                                     sub_cond2:      mov R3, #0ffh
0085 1C                 69                                                     dec R4
0086 E9                 70                             mov A, R1
0087 2B                 71                             add A, R3
0088 F9                 72                             mov R1, A
0089 8B99               73                             mov sbuf, R3
008B 804E               74                             sjmp exit
008D BA0209             75                     cond3: cjne R2, #02h, cond4
0090 E9                 76                                     mov A, R1
0091 2531               77                                     add A, 31h
0093 F9                 78                                     mov R1, A
0094 853199             79                                     mov sbuf, 31h
0097 8042               80                                     sjmp exit
0099 BA0309             81                     cond4: cjne R2, #03h, cond5
009C E9                 82                                     mov A, R1
009D 2530               83                                     add A, 30h
009F F9                 84                                     mov R1, A
00A0 853099             85                                     mov sbuf, 30h
00A3 8036               86                                     sjmp exit
00A5 BA0410             87                     cond5: cjne R2, #04h, cond6
00A8 202E05             88                                     jb 2eh, eof
00AB 759900             89                                     mov sbuf, #00h
00AE 802B               90                                     sjmp exit
00B0 759901             91                                     eof:    mov sbuf, #01h
00B3 C22E               92                                             clr 2eh
00B5 020000             93                                             ljmp 0000h
                        94                     ;should always be executed
                        95                     cond6:  ;mov A, R2
                        96                             ;clr c
                        97                             ;subb A, R3
00B8 BB0019             98                             cjne R3, #00h, cond7 ;if(R2-R3==5)
                        99                             ;checksum
00BB E9                100                                     mov A, R1
00BC F4                101                                     cpl A
00BD 2401              102                                     add A, #01h
00BF F599              103                                     mov sbuf, A
00C1 7AFF              104                                     mov R2, #0ffh
00C3 7900              105                                     mov R1, #00h
00C5 858230            106                                     mov 30h, DPL
00C8 858331            107                                     mov 31h, DPH
00CB BC0004            108                                     cjne R4, #00h, not_last
00CE D22E              109                                     setb 2eh
00D0 8009              110                                     sjmp exit
00D2 8007              111                                     not_last:       sjmp exit
                       112                     ;else
00D4 E0                113                     cond7:  movx A, @dptr
00D5 29                114                             add A, R1
00D6 F9                115                             mov R1, A
00D7 F599              116                             mov sbuf, A
00D9 A3                117                             inc dptr
00DA 1B                118                             dec R3
00DB 0A                119                     exit:   inc R2
00DC C3                120                             clr c
00DD 32                121                     reti
                       122     ;16 bit subtraction
                       123     ;length_calc:   clr c
                       124     ;               mov A, 32h
                       125     ;               subb A, 30h
                       126     ;               mov 35h, A
                       127     ;               mov A, 33h
                       128     ;               subb A, 31h
                       129     ;               mov 36h, A
                       130     ;               ret
                       131
                       132     ;baud_calc:     mov A, #0ffh
                       133     ;               subb A, 34h
                       134     ;               mov 34h, A
                       135     ;               ret
****WARNING:Missing`END'directive
ASSEMBLY COMPLETE, NO ERRORS FOUND, 1 WARNING


ERROR SUMMARY:
Line 135, WARNING:Missing`END'directive

SYMBOL TABLE:
??MCU_8051_IDE . . . . . . . . . . .  N  NUMB  8051H  NOT USED
??VERSION. . . . . . . . . . . . . .  N  NUMB  0149H  NOT USED
AC . . . . . . . . . . . . . . . . .  B  ADDR  00D6H  NOT USED
ACC. . . . . . . . . . . . . . . . .  D  ADDR  00E0H  NOT USED
ACSR . . . . . . . . . . . . . . . .  D  ADDR  0097H  NOT USED
ADCF . . . . . . . . . . . . . . . .  D  ADDR  00F6H  NOT USED
ADCLK. . . . . . . . . . . . . . . .  D  ADDR  00F2H  NOT USED
ADCON. . . . . . . . . . . . . . . .  D  ADDR  00F3H  NOT USED
ADDH . . . . . . . . . . . . . . . .  D  ADDR  00F5H  NOT USED
ADDL . . . . . . . . . . . . . . . .  D  ADDR  00F4H  NOT USED
AUXR . . . . . . . . . . . . . . . .  D  ADDR  008EH  NOT USED
AUXR1. . . . . . . . . . . . . . . .  D  ADDR  00A2H  NOT USED
B. . . . . . . . . . . . . . . . . .  D  ADDR  00F0H  NOT USED
BACK . . . . . . . . . . . . . . . .  C  ADDR  006FH
BDRCON . . . . . . . . . . . . . . .  D  ADDR  009BH  NOT USED
BDRCON_1 . . . . . . . . . . . . . .  D  ADDR  009CH  NOT USED
BRL. . . . . . . . . . . . . . . . .  D  ADDR  009AH  NOT USED
CCAP0H . . . . . . . . . . . . . . .  D  ADDR  00FAH  NOT USED
CCAP0L . . . . . . . . . . . . . . .  D  ADDR  00EAH  NOT USED
CCAP1H . . . . . . . . . . . . . . .  D  ADDR  00FBH  NOT USED
CCAP1L . . . . . . . . . . . . . . .  D  ADDR  00EBH  NOT USED
CCAP2H . . . . . . . . . . . . . . .  D  ADDR  00FCH  NOT USED
CCAP3H . . . . . . . . . . . . . . .  D  ADDR  00FDH  NOT USED
CCAP4H . . . . . . . . . . . . . . .  D  ADDR  00FEH  NOT USED
CCAPL2H. . . . . . . . . . . . . . .  D  ADDR  00FCH  NOT USED
CCAPL2L. . . . . . . . . . . . . . .  D  ADDR  00ECH  NOT USED
CCAPL3H. . . . . . . . . . . . . . .  D  ADDR  00FDH  NOT USED
CCAPL3L. . . . . . . . . . . . . . .  D  ADDR  00EDH  NOT USED
CCAPL4H. . . . . . . . . . . . . . .  D  ADDR  00FEH  NOT USED
CCAPL4L. . . . . . . . . . . . . . .  D  ADDR  00EEH  NOT USED
CCAPM0 . . . . . . . . . . . . . . .  D  ADDR  00DAH  NOT USED
CCAPM1 . . . . . . . . . . . . . . .  D  ADDR  00DBH  NOT USED
CCAPM2 . . . . . . . . . . . . . . .  D  ADDR  00DCH  NOT USED
CCAPM3 . . . . . . . . . . . . . . .  D  ADDR  00DDH  NOT USED
CCAPM4 . . . . . . . . . . . . . . .  D  ADDR  00DEH  NOT USED
CCF0 . . . . . . . . . . . . . . . .  B  ADDR  00D8H  NOT USED
CCF1 . . . . . . . . . . . . . . . .  B  ADDR  00D9H  NOT USED
CCF2 . . . . . . . . . . . . . . . .  B  ADDR  00DAH  NOT USED
CCF3 . . . . . . . . . . . . . . . .  B  ADDR  00DBH  NOT USED
CCF4 . . . . . . . . . . . . . . . .  B  ADDR  00DCH  NOT USED
CCON . . . . . . . . . . . . . . . .  D  ADDR  00D8H  NOT USED
CFINT. . . . . . . . . . . . . . . .  C  ADDR  0033H  NOT USED
CH . . . . . . . . . . . . . . . . .  D  ADDR  00F9H  NOT USED
CKCON. . . . . . . . . . . . . . . .  D  ADDR  008FH  NOT USED
CKCON0 . . . . . . . . . . . . . . .  D  ADDR  008FH  NOT USED
CKRL . . . . . . . . . . . . . . . .  D  ADDR  0097H  NOT USED
CKSEL. . . . . . . . . . . . . . . .  D  ADDR  0085H  NOT USED
CL . . . . . . . . . . . . . . . . .  D  ADDR  00E9H  NOT USED
CLKREG . . . . . . . . . . . . . . .  D  ADDR  008FH  NOT USED
CMOD . . . . . . . . . . . . . . . .  D  ADDR  00D9H  NOT USED
COND1. . . . . . . . . . . . . . . .  C  ADDR  0073H  NOT USED
COND2. . . . . . . . . . . . . . . .  C  ADDR  007BH
COND3. . . . . . . . . . . . . . . .  C  ADDR  008DH
COND4. . . . . . . . . . . . . . . .  C  ADDR  0099H
COND5. . . . . . . . . . . . . . . .  C  ADDR  00A5H
COND6. . . . . . . . . . . . . . . .  C  ADDR  00B8H
COND7. . . . . . . . . . . . . . . .  C  ADDR  00D4H
CPRL2. . . . . . . . . . . . . . . .  B  ADDR  00C8H  NOT USED
CR . . . . . . . . . . . . . . . . .  B  ADDR  00DEH  NOT USED
CT2. . . . . . . . . . . . . . . . .  B  ADDR  00C9H  NOT USED
CY . . . . . . . . . . . . . . . . .  B  ADDR  00D7H  NOT USED
DP0H . . . . . . . . . . . . . . . .  D  ADDR  0083H  NOT USED
DP0L . . . . . . . . . . . . . . . .  D  ADDR  0082H  NOT USED
DP1H . . . . . . . . . . . . . . . .  D  ADDR  0085H  NOT USED
DP1L . . . . . . . . . . . . . . . .  D  ADDR  0084H  NOT USED
DPH. . . . . . . . . . . . . . . . .  D  ADDR  0083H
DPL. . . . . . . . . . . . . . . . .  D  ADDR  0082H
EA . . . . . . . . . . . . . . . . .  B  ADDR  00AFH  NOT USED
EC . . . . . . . . . . . . . . . . .  B  ADDR  00AEH  NOT USED
EECON. . . . . . . . . . . . . . . .  D  ADDR  0096H  NOT USED
EOF. . . . . . . . . . . . . . . . .  C  ADDR  00B0H
ES . . . . . . . . . . . . . . . . .  B  ADDR  00ACH  NOT USED
ET0. . . . . . . . . . . . . . . . .  B  ADDR  00A9H  NOT USED
ET1. . . . . . . . . . . . . . . . .  B  ADDR  00ABH  NOT USED
ET2. . . . . . . . . . . . . . . . .  B  ADDR  00ADH  NOT USED
EX0. . . . . . . . . . . . . . . . .  B  ADDR  00A8H  NOT USED
EX1. . . . . . . . . . . . . . . . .  B  ADDR  00AAH  NOT USED
EXEN2. . . . . . . . . . . . . . . .  B  ADDR  00CBH  NOT USED
EXF2 . . . . . . . . . . . . . . . .  B  ADDR  00CEH  NOT USED
EXIT . . . . . . . . . . . . . . . .  C  ADDR  00DBH
EXTI0. . . . . . . . . . . . . . . .  C  ADDR  0003H  NOT USED
EXTI1. . . . . . . . . . . . . . . .  C  ADDR  0013H  NOT USED
F0 . . . . . . . . . . . . . . . . .  B  ADDR  00D5H  NOT USED
FE . . . . . . . . . . . . . . . . .  B  ADDR  009FH  NOT USED
IE . . . . . . . . . . . . . . . . .  D  ADDR  00A8H
IE0. . . . . . . . . . . . . . . . .  B  ADDR  0089H  NOT USED
IE1. . . . . . . . . . . . . . . . .  B  ADDR  008BH  NOT USED
INT0 . . . . . . . . . . . . . . . .  B  ADDR  00B2H  NOT USED
INT1 . . . . . . . . . . . . . . . .  B  ADDR  00B3H  NOT USED
IP . . . . . . . . . . . . . . . . .  D  ADDR  00B8H  NOT USED
IPH. . . . . . . . . . . . . . . . .  D  ADDR  00B7H  NOT USED
IPH0 . . . . . . . . . . . . . . . .  D  ADDR  00B7H  NOT USED
IPH1 . . . . . . . . . . . . . . . .  D  ADDR  00B3H  NOT USED
IPL0 . . . . . . . . . . . . . . . .  D  ADDR  00B8H  NOT USED
IPL1 . . . . . . . . . . . . . . . .  D  ADDR  00B2H  NOT USED
IT0. . . . . . . . . . . . . . . . .  B  ADDR  0088H  NOT USED
IT1. . . . . . . . . . . . . . . . .  B  ADDR  008AH  NOT USED
KBE. . . . . . . . . . . . . . . . .  D  ADDR  009DH  NOT USED
KBF. . . . . . . . . . . . . . . . .  D  ADDR  009EH  NOT USED
KBLS . . . . . . . . . . . . . . . .  D  ADDR  009CH  NOT USED
MAIN . . . . . . . . . . . . . . . .  C  ADDR  0026H
NOT_LAST . . . . . . . . . . . . . .  C  ADDR  00D2H
OSCCON . . . . . . . . . . . . . . .  D  ADDR  0086H  NOT USED
OV . . . . . . . . . . . . . . . . .  B  ADDR  00D2H  NOT USED
P. . . . . . . . . . . . . . . . . .  B  ADDR  00D0H  NOT USED
P0 . . . . . . . . . . . . . . . . .  D  ADDR  0080H  NOT USED
P1 . . . . . . . . . . . . . . . . .  D  ADDR  0090H  NOT USED
P1M1 . . . . . . . . . . . . . . . .  D  ADDR  00D4H  NOT USED
P1M2 . . . . . . . . . . . . . . . .  D  ADDR  00E2H  NOT USED
P2 . . . . . . . . . . . . . . . . .  D  ADDR  00A0H  NOT USED
P3 . . . . . . . . . . . . . . . . .  D  ADDR  00B0H  NOT USED
P3M1 . . . . . . . . . . . . . . . .  D  ADDR  00D5H  NOT USED
P3M2 . . . . . . . . . . . . . . . .  D  ADDR  00E3H  NOT USED
P4 . . . . . . . . . . . . . . . . .  D  ADDR  00C0H  NOT USED
P4M1 . . . . . . . . . . . . . . . .  D  ADDR  00D6H  NOT USED
P4M2 . . . . . . . . . . . . . . . .  D  ADDR  00E4H  NOT USED
P5 . . . . . . . . . . . . . . . . .  D  ADDR  00E8H  NOT USED
PC . . . . . . . . . . . . . . . . .  B  ADDR  00BEH  NOT USED
PCON . . . . . . . . . . . . . . . .  D  ADDR  0087H  NOT USED
PPCL . . . . . . . . . . . . . . . .  B  ADDR  00BEH  NOT USED
PS . . . . . . . . . . . . . . . . .  B  ADDR  00BCH  NOT USED
PSL. . . . . . . . . . . . . . . . .  B  ADDR  00BCH  NOT USED
PSW. . . . . . . . . . . . . . . . .  D  ADDR  00D0H  NOT USED
PT0. . . . . . . . . . . . . . . . .  B  ADDR  00B9H  NOT USED
PT0L . . . . . . . . . . . . . . . .  B  ADDR  00B9H  NOT USED
PT1. . . . . . . . . . . . . . . . .  B  ADDR  00BBH  NOT USED
PT1L . . . . . . . . . . . . . . . .  B  ADDR  00BBH  NOT USED
PT2. . . . . . . . . . . . . . . . .  B  ADDR  00BDH  NOT USED
PT2L . . . . . . . . . . . . . . . .  B  ADDR  00BDH  NOT USED
PX0. . . . . . . . . . . . . . . . .  B  ADDR  00B8H  NOT USED
PX0L . . . . . . . . . . . . . . . .  B  ADDR  00B8H  NOT USED
PX1. . . . . . . . . . . . . . . . .  B  ADDR  00BAH  NOT USED
PX1L . . . . . . . . . . . . . . . .  B  ADDR  00BAH  NOT USED
RB8. . . . . . . . . . . . . . . . .  B  ADDR  009AH  NOT USED
RCAP2H . . . . . . . . . . . . . . .  D  ADDR  00CBH  NOT USED
RCAP2L . . . . . . . . . . . . . . .  D  ADDR  00CAH  NOT USED
RCLK . . . . . . . . . . . . . . . .  B  ADDR  00CDH  NOT USED
RD . . . . . . . . . . . . . . . . .  B  ADDR  00B7H  NOT USED
REN. . . . . . . . . . . . . . . . .  B  ADDR  009CH  NOT USED
RESET. . . . . . . . . . . . . . . .  C  ADDR  0000H  NOT USED
RI . . . . . . . . . . . . . . . . .  B  ADDR  0098H  NOT USED
RS0. . . . . . . . . . . . . . . . .  B  ADDR  00D3H  NOT USED
RS1. . . . . . . . . . . . . . . . .  B  ADDR  00D4H  NOT USED
RXD. . . . . . . . . . . . . . . . .  B  ADDR  00B0H  NOT USED
SADDR. . . . . . . . . . . . . . . .  D  ADDR  00A9H  NOT USED
SADDR_0. . . . . . . . . . . . . . .  D  ADDR  00A9H  NOT USED
SADDR_1. . . . . . . . . . . . . . .  D  ADDR  00AAH  NOT USED
SADEN. . . . . . . . . . . . . . . .  D  ADDR  00B9H  NOT USED
SADEN_0. . . . . . . . . . . . . . .  D  ADDR  00B9H  NOT USED
SADEN_1. . . . . . . . . . . . . . .  D  ADDR  00BAH  NOT USED
SBUF . . . . . . . . . . . . . . . .  D  ADDR  0099H
SCON . . . . . . . . . . . . . . . .  D  ADDR  0098H
SERIAL . . . . . . . . . . . . . . .  C  ADDR  0071H
SINT . . . . . . . . . . . . . . . .  C  ADDR  0023H  NOT USED
SM0. . . . . . . . . . . . . . . . .  B  ADDR  009FH  NOT USED
SM1. . . . . . . . . . . . . . . . .  B  ADDR  009EH  NOT USED
SM2. . . . . . . . . . . . . . . . .  B  ADDR  009DH  NOT USED
SP . . . . . . . . . . . . . . . . .  D  ADDR  0081H  NOT USED
SPCON. . . . . . . . . . . . . . . .  D  ADDR  00C3H  NOT USED
SPCR . . . . . . . . . . . . . . . .  D  ADDR  00D5H  NOT USED
SPDAT. . . . . . . . . . . . . . . .  D  ADDR  00C5H  NOT USED
SPDR . . . . . . . . . . . . . . . .  D  ADDR  0086H  NOT USED
SPSR . . . . . . . . . . . . . . . .  D  ADDR  00AAH  NOT USED
SPSTA. . . . . . . . . . . . . . . .  D  ADDR  00C4H  NOT USED
SUB_COND2. . . . . . . . . . . . . .  C  ADDR  0083H
T0 . . . . . . . . . . . . . . . . .  B  ADDR  00B4H  NOT USED
T1 . . . . . . . . . . . . . . . . .  B  ADDR  00B5H  NOT USED
T2CON. . . . . . . . . . . . . . . .  D  ADDR  00C8H  NOT USED
T2MOD. . . . . . . . . . . . . . . .  D  ADDR  00C9H  NOT USED
TB8. . . . . . . . . . . . . . . . .  B  ADDR  009BH  NOT USED
TCLK . . . . . . . . . . . . . . . .  B  ADDR  00CCH  NOT USED
TCON . . . . . . . . . . . . . . . .  D  ADDR  0088H  NOT USED
TF0. . . . . . . . . . . . . . . . .  B  ADDR  008DH  NOT USED
TF1. . . . . . . . . . . . . . . . .  B  ADDR  008FH  NOT USED
TF2. . . . . . . . . . . . . . . . .  B  ADDR  00CFH  NOT USED
TH0. . . . . . . . . . . . . . . . .  D  ADDR  008CH  NOT USED
TH1. . . . . . . . . . . . . . . . .  D  ADDR  008DH
TH2. . . . . . . . . . . . . . . . .  D  ADDR  00CDH  NOT USED
TI . . . . . . . . . . . . . . . . .  B  ADDR  0099H
TIMER0 . . . . . . . . . . . . . . .  C  ADDR  000BH  NOT USED
TIMER1 . . . . . . . . . . . . . . .  C  ADDR  001BH  NOT USED
TIMER2 . . . . . . . . . . . . . . .  C  ADDR  002BH  NOT USED
TL0. . . . . . . . . . . . . . . . .  D  ADDR  008AH  NOT USED
TL1. . . . . . . . . . . . . . . . .  D  ADDR  008BH
TL2. . . . . . . . . . . . . . . . .  D  ADDR  00CCH  NOT USED
TMOD . . . . . . . . . . . . . . . .  D  ADDR  0089H
TR0. . . . . . . . . . . . . . . . .  B  ADDR  008CH  NOT USED
TR1. . . . . . . . . . . . . . . . .  B  ADDR  008EH
TR2. . . . . . . . . . . . . . . . .  B  ADDR  00CAH  NOT USED
TXD. . . . . . . . . . . . . . . . .  B  ADDR  00B1H  NOT USED
WDTCON . . . . . . . . . . . . . . .  D  ADDR  00A7H  NOT USED
WDTPRG . . . . . . . . . . . . . . .  D  ADDR  00A7H  NOT USED
WDTRST . . . . . . . . . . . . . . .  D  ADDR  00A6H  NOT USED
WR . . . . . . . . . . . . . . . . .  B  ADDR  00B6H  NOT USED